app/build/outputs/logs/manifest-merger-debug-report.txt
-- Merging decision tree log ---
manifest
ADDED from src\main\AndroidManifest.xml:2:1-154:12
	package
		ADDED from src\main\AndroidManifest.xml:3:5-31
		INJECTED from src\main\AndroidManifest.xml
		INJECTED from src\main\AndroidManifest.xml
	android:versionName
		ADDED from src\main\AndroidManifest.xml:5:5-30
		INJECTED from src\main\AndroidManifest.xml
		INJECTED from src\main\AndroidManifest.xml
	android:versionCode
		ADDED from src\main\AndroidManifest.xml:4:5-28
		INJECTED from src\main\AndroidManifest.xml
		INJECTED from src\main\AndroidManifest.xml
	xmlns:android
		ADDED from src\main\AndroidManifest.xml:2:11-69
uses-sdk
ADDED from src\main\AndroidManifest.xml:7:5-43
	android:targetSdkVersion
		INJECTED from src\main\AndroidManifest.xml
		INJECTED from src\main\AndroidManifest.xml
	android:minSdkVersion
		ADDED from src\main\AndroidManifest.xml:7:15-40
		INJECTED from src\main\AndroidManifest.xml
		INJECTED from src\main\AndroidManifest.xml
uses-permission#android.permission.SEND_SMS
ADDED from src\main\AndroidManifest.xml:9:5-67
	android:name
		ADDED from src\main\AndroidManifest.xml:9:22-64
uses-permission#android.permission.WRITE_CONTACTS
ADDED from src\main\AndroidManifest.xml:10:5-73
	android:name
		ADDED from src\main\AndroidManifest.xml:10:22-70
uses-permission#android.permission.READ_PHONE_STATE
ADDED from src\main\AndroidManifest.xml:11:5-75
	android:name
		ADDED from src\main\AndroidManifest.xml:11:22-72
uses-permission#android.permission.MODIFY_PHONE_STATE
ADDED from src\main\AndroidManifest.xml:12:5-77
	android:name
		ADDED from src\main\AndroidManifest.xml:12:22-74
uses-permission#android.permission.CALL_PHONE
ADDED from src\main\AndroidManifest.xml:13:5-69
	android:name
		ADDED from src\main\AndroidManifest.xml:13:22-66
uses-permission#android.permission.READ_CONTACTS
ADDED from src\main\AndroidManifest.xml:14:5-72
	android:name
		ADDED from src\main\AndroidManifest.xml:14:22-69
uses-permission#android.permission.RECEIVE_SMS
ADDED from src\main\AndroidManifest.xml:16:5-70
	android:name
		ADDED from src\main\AndroidManifest.xml:16:22-67
uses-permission#android.permission.READ_SMS
ADDED from src\main\AndroidManifest.xml:17:5-67
	android:name
		ADDED from src\main\AndroidManifest.xml:17:22-64
uses-permission#android.permission.WRITE_SMS
ADDED from src\main\AndroidManifest.xml:18:5-68
	android:name
		ADDED from src\main\AndroidManifest.xml:18:22-65
uses-permission#android.permission.VIBRATE
ADDED from src\main\AndroidManifest.xml:19:5-66
	android:name
		ADDED from src\main\AndroidManifest.xml:19:22-63
uses-permission#android.permission.PROCESS_OUTGOING_CALLS
ADDED from src\main\AndroidManifest.xml:20:5-81
	android:name
		ADDED from src\main\AndroidManifest.xml:20:22-78
uses-permission#android.permission.WRITE_EXTERNAL_STORAGE
ADDED from src\main\AndroidManifest.xml:21:5-81
	android:name
		ADDED from src\main\AndroidManifest.xml:21:22-78
uses-permission#android.permission.WAKE_LOCK
ADDED from src\main\AndroidManifest.xml:22:5-68
	android:name
		ADDED from src\main\AndroidManifest.xml:22:22-65
application
ADDED from src\main\AndroidManifest.xml:24:5-152:19
	android:label
		ADDED from src\main\AndroidManifest.xml:26:9-41
	android:icon
		ADDED from src\main\AndroidManifest.xml:25:9-45
activity#com.donotdisturb.DND_Main
ADDED from src\main\AndroidManifest.xml:38:9-48:20
	android:screenOrientation
		ADDED from src\main\AndroidManifest.xml:41:13-49
	android:label
		ADDED from src\main\AndroidManifest.xml:40:13-45
	android:theme
		ADDED from src\main\AndroidManifest.xml:42:13-66
	android:name
		ADDED from src\main\AndroidManifest.xml:39:13-53
intent-filter#android.intent.action.MAIN+android.intent.category.LAUNCHER
ADDED from src\main\AndroidManifest.xml:43:13-47:29
action#android.intent.action.MAIN
ADDED from src\main\AndroidManifest.xml:44:17-69
	android:name
		ADDED from src\main\AndroidManifest.xml:44:25-66
category#android.intent.category.LAUNCHER
ADDED from src\main\AndroidManifest.xml:46:17-77
	android:name
		ADDED from src\main\AndroidManifest.xml:46:27-74
activity#com.donotdisturb.AddBlockList
ADDED from src\main\AndroidManifest.xml:49:9-53:20
	android:screenOrientation
		ADDED from src\main\AndroidManifest.xml:51:13-49
	android:theme
		ADDED from src\main\AndroidManifest.xml:52:13-66
	android:name
		ADDED from src\main\AndroidManifest.xml:50:13-57
receiver#com.donotdisturb.IncomingcallrecieverActivity
ADDED from src\main\AndroidManifest.xml:55:9-60:20
	android:name
		ADDED from src\main\AndroidManifest.xml:55:19-79
intent-filter#android.intent.action.NEW_OUTGOING_CALL+android.intent.action.PHONE_STATE
ADDED from src\main\AndroidManifest.xml:56:13-59:29
	android:priority
		ADDED from src\main\AndroidManifest.xml:56:28-50
action#android.intent.action.PHONE_STATE
ADDED from src\main\AndroidManifest.xml:57:17-76
	android:name
		ADDED from src\main\AndroidManifest.xml:57:25-73
action#android.intent.action.NEW_OUTGOING_CALL
ADDED from src\main\AndroidManifest.xml:58:17-82
	android:name
		ADDED from src\main\AndroidManifest.xml:58:25-79
receiver#blockmessage.Smsreciever
ADDED from src\main\AndroidManifest.xml:61:9-66:20
	android:name
		ADDED from src\main\AndroidManifest.xml:61:19-58
intent-filter#android.provider.Telephony.SMS_RECEIVED
ADDED from src\main\AndroidManifest.xml:62:13-65:29
	android:priority
		ADDED from src\main\AndroidManifest.xml:62:28-50
action#android.provider.Telephony.SMS_RECEIVED
ADDED from src\main\AndroidManifest.xml:63:17-64:26
	android:name
		ADDED from src\main\AndroidManifest.xml:63:25-79
activity#blockmessage.BlocknoMessage
ADDED from src\main\AndroidManifest.xml:68:9-71:20
	android:screenOrientation
		ADDED from src\main\AndroidManifest.xml:70:13-49
	android:name
		ADDED from src\main\AndroidManifest.xml:69:13-55
activity#com.donotdisturb.Blockphonedetail
ADDED from src\main\AndroidManifest.xml:72:9-75:20
	android:screenOrientation
		ADDED from src\main\AndroidManifest.xml:74:13-49
	android:name
		ADDED from src\main\AndroidManifest.xml:73:13-61
activity#com.donotdisturb.Getcontacts
ADDED from src\main\AndroidManifest.xml:76:9-79:20
	android:screenOrientation
		ADDED from src\main\AndroidManifest.xml:78:13-49
	android:name
		ADDED from src\main\AndroidManifest.xml:77:13-56
activity#com.donotdisturb.SendMessage
ADDED from src\main\AndroidManifest.xml:80:9-84:20
	android:screenOrientation
		ADDED from src\main\AndroidManifest.xml:82:13-49
	android:theme
		ADDED from src\main\AndroidManifest.xml:83:13-66
	android:name
		ADDED from src\main\AndroidManifest.xml:81:13-56
receiver#com.donotdisturb.ReceiverReminder
ADDED from src\main\AndroidManifest.xml:86:9-88:41
	android:process
		ADDED from src\main\AndroidManifest.xml:88:13-38
	android:name
		ADDED from src\main\AndroidManifest.xml:87:13-61
activity#com.donotdisturb.ProfileChanger
ADDED from src\main\AndroidManifest.xml:90:9-94:20
	android:screenOrientation
		ADDED from src\main\AndroidManifest.xml:92:13-49
	android:theme
		ADDED from src\main\AndroidManifest.xml:93:13-66
	android:name
		ADDED from src\main\AndroidManifest.xml:91:13-59
activity#com.donotdisturb.ProfileList
ADDED from src\main\AndroidManifest.xml:95:9-99:20
	android:screenOrientation
		ADDED from src\main\AndroidManifest.xml:97:13-49
	android:theme
		ADDED from src\main\AndroidManifest.xml:98:13-66
	android:name
		ADDED from src\main\AndroidManifest.xml:96:13-56
activity#com.donotdisturb.AfterProfileReciever
ADDED from src\main\AndroidManifest.xml:100:9-103:20
	android:screenOrientation
		ADDED from src\main\AndroidManifest.xml:102:13-49
	android:name
		ADDED from src\main\AndroidManifest.xml:101:13-65
receiver#com.donotdisturb.BackgroundProfileChanger
ADDED from src\main\AndroidManifest.xml:105:9-107:41
	android:process
		ADDED from src\main\AndroidManifest.xml:107:13-38
	android:name
		ADDED from src\main\AndroidManifest.xml:106:13-69
activity#com.donotdisturb.AfterMessageReciever
ADDED from src\main\AndroidManifest.xml:109:9-112:20
	android:screenOrientation
		ADDED from src\main\AndroidManifest.xml:111:13-49
	android:name
		ADDED from src\main\AndroidManifest.xml:110:13-65
receiver#com.donotdisturb.TosendMessage
ADDED from src\main\AndroidManifest.xml:114:9-116:41
	android:process
		ADDED from src\main\AndroidManifest.xml:116:13-38
	android:name
		ADDED from src\main\AndroidManifest.xml:115:13-58
activity#blockmessage.Blockedmessagedetail
ADDED from src\main\AndroidManifest.xml:118:9-121:20
	android:theme
		ADDED from src\main\AndroidManifest.xml:120:13-56
	android:name
		ADDED from src\main\AndroidManifest.xml:119:13-61
activity#com.donotdisturb.Listall
ADDED from src\main\AndroidManifest.xml:122:9-125:20
	android:theme
		ADDED from src\main\AndroidManifest.xml:124:13-66
	android:name
		ADDED from src\main\AndroidManifest.xml:123:13-52
activity#com.donotdisturb.ScheduleMessageHistory
ADDED from src\main\AndroidManifest.xml:126:9-129:20
	android:theme
		ADDED from src\main\AndroidManifest.xml:128:13-66
	android:name
		ADDED from src\main\AndroidManifest.xml:127:13-67
activity#com.donotdisturb.Sendmessage
ADDED from src\main\AndroidManifest.xml:130:9-133:20
	android:theme
		ADDED from src\main\AndroidManifest.xml:132:13-66
	android:name
		ADDED from src\main\AndroidManifest.xml:131:13-56
activity#com.donotdisturb.ViewBlockListActivity
ADDED from src\main\AndroidManifest.xml:134:9-137:20
	android:theme
		ADDED from src\main\AndroidManifest.xml:136:13-66
	android:name
		ADDED from src\main\AndroidManifest.xml:135:13-66
activity#com.donotdisturb.NotoBlock
ADDED from src\main\AndroidManifest.xml:138:9-139:20
	android:name
		ADDED from src\main\AndroidManifest.xml:138:19-60
activity#com.donotdisturb.ShowHistry
ADDED from src\main\AndroidManifest.xml:140:9-143:20
	android:theme
		ADDED from src\main\AndroidManifest.xml:142:13-66
	android:name
		ADDED from src\main\AndroidManifest.xml:141:13-55
activity#com.donotdisturb.Profile
ADDED from src\main\AndroidManifest.xml:144:9-147:20
	android:theme
		ADDED from src\main\AndroidManifest.xml:146:13-66
	android:name
		ADDED from src\main\AndroidManifest.xml:145:13-52
activity#com.donotdisturb.AdminActivity
ADDED from src\main\AndroidManifest.xml:148:9-151:20
	android:label
		ADDED from src\main\AndroidManifest.xml:150:13-57
	android:name
		ADDED from src\main\AndroidManifest.xml:149:13-58